TN:
SF:src\modules\appointments\services\CreateAppointmentService.ts
FN:15,(anonymous_18)
FN:16,CreateAppointmentService
FN:26,(anonymous_20)
FNF:3
FNH:3
FNDA:1,(anonymous_18)
FNDA:10,CreateAppointmentService
FNDA:11,(anonymous_20)
DA:1,1
DA:2,1
DA:3,1
DA:15,1
DA:18,10
DA:21,10
DA:26,1
DA:27,11
DA:28,11
DA:29,11
DA:31,11
DA:35,11
DA:36,2
DA:42,9
DA:43,1
DA:49,8
DA:50,4
DA:56,4
DA:60,4
DA:61,0
DA:64,4
DA:71,4
DA:76,8
DA:81,4
DA:83,1
DA:85,1
LF:26
LH:25
BRDA:35,0,0,2
BRDA:35,0,1,9
BRDA:42,1,0,1
BRDA:42,1,1,8
BRDA:49,2,0,4
BRDA:49,2,1,4
BRDA:49,3,0,8
BRDA:49,3,1,7
BRDA:60,4,0,0
BRDA:60,4,1,4
BRF:10
BRH:9
end_of_record
TN:
SF:src\modules\appointments\services\ListProviderAppointmentsService.ts
FN:13,(anonymous_17)
FN:14,ListProviderAppointmentsService
FN:21,(anonymous_19)
FNF:3
FNH:3
FNDA:1,(anonymous_17)
FNDA:1,ListProviderAppointmentsService
FNDA:1,(anonymous_19)
DA:1,1
DA:13,1
DA:16,1
DA:21,1
DA:22,1
DA:23,1
DA:24,1
DA:25,1
DA:27,1
DA:36,1
DA:38,1
DA:40,1
LF:12
LH:12
BRDA:27,0,0,1
BRF:1
BRH:1
end_of_record
TN:
SF:src\modules\appointments\services\ListProvidersDayAvailiabilityService.ts
FN:20,(anonymous_17)
FN:21,ListProvidersDayAvailiabilityService
FN:28,(anonymous_19)
FN:47,(anonymous_22)
FN:52,(anonymous_23)
FN:54,(anonymous_24)
FNF:6
FNH:6
FNDA:1,(anonymous_17)
FNDA:1,ListProvidersDayAvailiabilityService
FNDA:1,(anonymous_19)
FNDA:10,(anonymous_22)
FNDA:10,(anonymous_23)
FNDA:19,(anonymous_24)
DA:1,1
DA:2,1
DA:20,1
DA:23,1
DA:28,1
DA:29,1
DA:30,1
DA:31,1
DA:32,1
DA:34,1
DA:43,1
DA:45,1
DA:47,10
DA:50,1
DA:52,1
DA:53,10
DA:54,19
DA:57,10
DA:59,10
DA:65,1
DA:67,1
DA:69,1
LF:22
LH:22
BRDA:34,0,0,1
BRDA:61,1,0,10
BRDA:61,1,1,8
BRF:3
BRH:3
end_of_record
TN:
SF:src\modules\appointments\services\ListProvidersMonthAvailiabilityService.ts
FN:19,(anonymous_17)
FN:20,ListProvidersMonthAvailiabilityService
FN:27,(anonymous_19)
FN:46,(anonymous_22)
FN:49,(anonymous_23)
FN:50,(anonymous_24)
FNF:6
FNH:6
FNDA:1,(anonymous_17)
FNDA:1,ListProvidersMonthAvailiabilityService
FNDA:1,(anonymous_19)
FNDA:31,(anonymous_22)
FNDA:31,(anonymous_23)
FNDA:341,(anonymous_24)
DA:1,1
DA:2,1
DA:19,1
DA:22,1
DA:27,1
DA:28,1
DA:29,1
DA:30,1
DA:32,1
DA:41,1
DA:44,1
DA:46,31
DA:49,1
DA:50,31
DA:51,341
DA:54,31
DA:60,1
DA:62,1
DA:64,1
LF:19
LH:19
BRDA:32,0,0,1
BRF:1
BRH:1
end_of_record
TN:
SF:src\modules\appointments\services\ListProvidersService.ts
FN:11,(anonymous_18)
FN:12,ListProvidersService
FN:19,(anonymous_20)
FNF:3
FNH:3
FNDA:1,(anonymous_18)
FNDA:2,ListProvidersService
FNDA:2,(anonymous_20)
DA:1,1
DA:2,1
DA:11,1
DA:14,2
DA:19,2
DA:20,2
DA:24,2
DA:25,1
DA:28,1
DA:30,1
DA:32,1
LF:11
LH:11
BRDA:20,0,0,2
BRDA:24,1,0,1
BRDA:24,1,1,1
BRDA:24,2,0,2
BRDA:24,2,1,1
BRDA:24,3,0,0
BRDA:24,3,1,2
BRDA:24,4,0,2
BRDA:24,4,1,2
BRF:9
BRH:8
end_of_record
TN:
SF:src\modules\users\services\AuthenticateUserService.ts
FN:15,(anonymous_18)
FN:16,AuthenticateUserService
FN:26,(anonymous_20)
FNF:3
FNH:3
FNDA:1,(anonymous_18)
FNDA:3,AuthenticateUserService
FNDA:3,(anonymous_20)
DA:1,1
DA:2,1
DA:6,1
DA:7,1
DA:15,1
DA:18,3
DA:21,3
DA:26,1
DA:27,3
DA:28,3
DA:30,3
DA:32,3
DA:33,1
DA:36,2
DA:41,2
DA:42,1
DA:48,1
DA:50,1
DA:55,1
DA:57,1
DA:59,1
LF:21
LH:21
BRDA:30,0,0,3
BRDA:32,1,0,1
BRDA:32,1,1,2
BRDA:41,2,0,1
BRDA:41,2,1,1
BRF:5
BRH:5
end_of_record
TN:
SF:src\modules\users\services\CreateUserService.ts
FN:14,(anonymous_18)
FN:15,CreateUserService
FN:25,(anonymous_20)
FNF:3
FNH:3
FNDA:3,(anonymous_18)
FNDA:6,CreateUserService
FNDA:7,(anonymous_20)
DA:1,3
DA:2,3
DA:14,3
DA:17,6
DA:20,6
DA:25,3
DA:26,7
DA:27,7
DA:28,7
DA:30,7
DA:32,7
DA:33,1
DA:36,6
DA:38,6
DA:44,6
DA:46,3
DA:48,3
LF:17
LH:17
BRDA:30,0,0,7
BRDA:32,1,0,1
BRDA:32,1,1,6
BRF:3
BRH:3
end_of_record
TN:
SF:src\modules\users\services\GetUsersService.ts
FN:6,(anonymous_17)
FN:7,GetUsersService
FN:14,(anonymous_19)
FNF:3
FNH:3
FNDA:1,(anonymous_17)
FNDA:1,GetUsersService
FNDA:1,(anonymous_19)
DA:1,1
DA:6,1
DA:9,1
DA:14,1
DA:15,1
DA:17,1
DA:19,1
DA:21,1
LF:8
LH:8
BRDA:15,0,0,1
BRF:1
BRH:1
end_of_record
TN:
SF:src\modules\users\services\ResetPasswordUserService.ts
FN:11,(anonymous_18)
FN:12,ResetPasswordUserService
FN:25,(anonymous_20)
FNF:3
FNH:3
FNDA:1,(anonymous_18)
FNDA:4,ResetPasswordUserService
FNDA:4,(anonymous_20)
DA:1,1
DA:2,1
DA:3,1
DA:5,1
DA:11,1
DA:14,4
DA:17,4
DA:20,4
DA:25,1
DA:26,4
DA:28,4
DA:29,1
DA:32,3
DA:34,3
DA:35,1
DA:38,2
DA:39,2
DA:41,2
DA:42,1
DA:49,1
DA:51,2
DA:53,1
DA:55,1
LF:23
LH:23
BRDA:26,0,0,4
BRDA:28,1,0,1
BRDA:28,1,1,3
BRDA:34,2,0,1
BRDA:34,2,1,2
BRDA:41,3,0,1
BRDA:41,3,1,1
BRF:7
BRH:7
end_of_record
TN:
SF:src\modules\users\services\SendForgotPasswordEmailUserService.ts
FN:11,(anonymous_18)
FN:12,SendForgotPasswordEmailUserService
FN:25,(anonymous_20)
FNF:3
FNH:3
FNDA:1,(anonymous_18)
FNDA:3,SendForgotPasswordEmailUserService
FNDA:3,(anonymous_20)
DA:1,1
DA:2,1
DA:3,1
DA:5,1
DA:11,1
DA:14,3
DA:17,3
DA:20,3
DA:25,1
DA:26,3
DA:28,3
DA:29,1
DA:32,2
DA:34,2
DA:41,4
DA:56,1
DA:58,1
LF:17
LH:17
BRDA:26,0,0,3
BRDA:28,1,0,1
BRDA:28,1,1,2
BRF:3
BRH:3
end_of_record
TN:
SF:src\modules\users\services\ShowProfileService.ts
FN:11,(anonymous_18)
FN:12,ShowProfileService
FN:19,(anonymous_20)
FNF:3
FNH:3
FNDA:1,(anonymous_18)
FNDA:2,ShowProfileService
FNDA:2,(anonymous_20)
DA:1,1
DA:2,1
DA:11,1
DA:14,2
DA:19,2
DA:20,2
DA:22,2
DA:23,1
DA:26,1
DA:28,1
DA:30,1
LF:11
LH:11
BRDA:20,0,0,2
BRDA:22,1,0,1
BRDA:22,1,1,1
BRF:3
BRH:3
end_of_record
TN:
SF:src\modules\users\services\UpdateProfileService.ts
FN:16,(anonymous_18)
FN:17,UpdateProfileService
FN:27,(anonymous_20)
FNF:3
FNH:3
FNDA:1,(anonymous_18)
FNDA:6,UpdateProfileService
FNDA:6,(anonymous_20)
DA:1,1
DA:2,1
DA:16,1
DA:19,6
DA:22,6
DA:27,1
DA:28,6
DA:29,6
DA:30,6
DA:31,6
DA:32,6
DA:34,6
DA:36,6
DA:37,1
DA:40,5
DA:44,5
DA:45,1
DA:48,4
DA:49,1
DA:54,3
DA:55,3
DA:56,4
DA:57,2
DA:62,2
DA:63,1
DA:66,1
DA:69,2
DA:71,1
DA:73,1
LF:29
LH:29
BRDA:34,0,0,6
BRDA:34,0,1,2
BRDA:36,1,0,1
BRDA:36,1,1,5
BRDA:44,2,0,1
BRDA:44,2,1,4
BRDA:44,3,0,5
BRDA:44,3,1,1
BRDA:48,4,0,1
BRDA:48,4,1,3
BRDA:48,5,0,4
BRDA:48,5,1,3
BRDA:56,6,0,1
BRDA:56,6,1,2
BRDA:56,7,0,3
BRDA:56,7,1,2
BRDA:62,8,0,1
BRDA:62,8,1,1
BRF:18
BRH:18
end_of_record
TN:
SF:src\modules\users\services\UpdateUserAvatarService.ts
FN:13,(anonymous_18)
FN:14,UpdateUserAvatarService
FN:24,(anonymous_20)
FNF:3
FNH:3
FNDA:1,(anonymous_18)
FNDA:3,UpdateUserAvatarService
FNDA:4,(anonymous_20)
DA:1,1
DA:2,1
DA:13,1
DA:16,3
DA:19,3
DA:24,1
DA:25,4
DA:26,4
DA:28,4
DA:30,4
DA:31,1
DA:37,5
DA:38,2
DA:41,3
DA:43,3
DA:45,6
DA:47,3
DA:49,1
DA:51,1
LF:19
LH:19
BRDA:28,0,0,4
BRDA:28,0,1,3
BRDA:30,1,0,1
BRDA:30,1,1,3
BRDA:37,2,0,2
BRDA:37,2,1,1
BRF:6
BRH:6
end_of_record
